2021-06-20 19:53:30,210 [Worker-3: Loading available Gradle versions] INFO  o.e.b.c.i.u.g.PublishedGradleVersions - Gradle version information cache is up-to-date. Trying to read.
2021-06-22 06:30:12,384 [Worker-2: Loading available Gradle versions] INFO  o.e.b.c.i.u.g.PublishedGradleVersions - Gradle version information cache is out-of-date. Trying to update.
2021-06-26 10:42:43,785 [Worker-7: Loading available Gradle versions] INFO  o.e.b.c.i.u.g.PublishedGradleVersions - Gradle version information cache is up-to-date. Trying to read.
2021-06-26 19:08:22,985 [Worker-1: Loading available Gradle versions] INFO  o.e.b.c.i.u.g.PublishedGradleVersions - Gradle version information cache is up-to-date. Trying to read.
2021-06-27 19:21:54,595 [Worker-3: Loading available Gradle versions] INFO  o.e.b.c.i.u.g.PublishedGradleVersions - Gradle version information cache is up-to-date. Trying to read.
2021-07-03 19:21:31,516 [Worker-0: Loading available Gradle versions] INFO  o.e.b.c.i.u.g.PublishedGradleVersions - Gradle version information cache is out-of-date. Trying to update.
2021-07-04 21:36:15,428 [Worker-0: Loading available Gradle versions] INFO  o.e.b.c.i.u.g.PublishedGradleVersions - Gradle version information cache is out-of-date. Trying to update.
2021-07-10 18:28:55,117 [Worker-0: Loading available Gradle versions] INFO  o.e.b.c.i.u.g.PublishedGradleVersions - Gradle version information cache is out-of-date. Trying to update.
2021-07-11 10:36:10,749 [Worker-4: Loading available Gradle versions] INFO  o.e.b.c.i.u.g.PublishedGradleVersions - Gradle version information cache is up-to-date. Trying to read.
2021-07-11 19:15:59,708 [Worker-0: Loading available Gradle versions] INFO  o.e.b.c.i.u.g.PublishedGradleVersions - Gradle version information cache is out-of-date. Trying to update.
2021-07-11 20:57:28,026 [Worker-55: Creating maven-archetype-quickstart] INFO  o.e.m.c.i.p.ProjectConfigurationManager - Collecting project info '/pom.xml' D:\JANBASK\WEEKEND_WORKSPACE_BATCH1\Sample_Test\pom.xml
2021-07-11 20:57:31,702 [Worker-55: Creating maven-archetype-quickstart] INFO  o.e.m.c.i.l.LifecycleMappingFactory - Using org.eclipse.m2e.jdt.JarLifecycleMapping lifecycle mapping for MavenProject: com.janbask.sample:Sample_Test:0.0.1-SNAPSHOT @ D:\JANBASK\WEEKEND_WORKSPACE_BATCH1\Sample_Test\pom.xml.
2021-07-11 20:57:32,147 [Worker-55: Creating maven-archetype-quickstart] INFO  o.e.m.j.i.AbstractJavaProjectConfigurator - Adding source folder /Sample_Test/src/main/java
2021-07-11 20:57:32,152 [Worker-55: Creating maven-archetype-quickstart] INFO  o.e.m.j.i.AbstractJavaProjectConfigurator - Adding source folder /Sample_Test/src/test/java
2021-07-11 20:57:32,234 [Worker-55: Creating maven-archetype-quickstart] INFO  o.e.m.c.i.p.ProjectConfigurationManager - Imported and configured 1 project(s) in 4 sec
2021-07-11 20:57:32,626 [Worker-55: Building] INFO  o.e.m.c.i.embedder.EclipseLogger - Using 'UTF-8' encoding to copy filtered resources.
2021-07-11 20:57:32,626 [Worker-55: Building] INFO  o.e.m.c.i.embedder.EclipseLogger - skip non existing resourceDirectory D:\JANBASK\WEEKEND_WORKSPACE_BATCH1\Sample_Test\src\main\resources
2021-07-11 20:57:32,629 [Worker-55: Building] INFO  o.e.m.c.i.embedder.EclipseLogger - Using 'UTF-8' encoding to copy filtered resources.
2021-07-11 20:57:32,629 [Worker-55: Building] INFO  o.e.m.c.i.embedder.EclipseLogger - skip non existing resourceDirectory D:\JANBASK\WEEKEND_WORKSPACE_BATCH1\Sample_Test\src\test\resources
2021-07-11 20:57:45,344 [Worker-55: Building] INFO  o.e.m.c.i.embedder.EclipseLogger - Using 'UTF-8' encoding to copy filtered resources.
2021-07-11 20:57:45,344 [Worker-55: Building] INFO  o.e.m.c.i.embedder.EclipseLogger - skip non existing resourceDirectory D:\JANBASK\WEEKEND_WORKSPACE_BATCH1\Sample_Test\src\main\resources
2021-07-11 20:57:45,345 [Worker-55: Building] INFO  o.e.m.c.i.embedder.EclipseLogger - Using 'UTF-8' encoding to copy filtered resources.
2021-07-11 20:57:45,346 [Worker-55: Building] INFO  o.e.m.c.i.embedder.EclipseLogger - skip non existing resourceDirectory D:\JANBASK\WEEKEND_WORKSPACE_BATCH1\Sample_Test\src\test\resources
2021-07-11 20:57:49,855 [Worker-56: Building] INFO  o.e.m.c.i.embedder.EclipseLogger - Using 'UTF-8' encoding to copy filtered resources.
2021-07-11 20:57:49,856 [Worker-56: Building] INFO  o.e.m.c.i.embedder.EclipseLogger - skip non existing resourceDirectory D:\JANBASK\WEEKEND_WORKSPACE_BATCH1\Sample_Test\src\main\resources
2021-07-11 20:57:49,859 [Worker-56: Building] INFO  o.e.m.c.i.embedder.EclipseLogger - Using 'UTF-8' encoding to copy filtered resources.
2021-07-11 20:57:49,859 [Worker-56: Building] INFO  o.e.m.c.i.embedder.EclipseLogger - skip non existing resourceDirectory D:\JANBASK\WEEKEND_WORKSPACE_BATCH1\Sample_Test\src\test\resources
2021-07-11 20:58:15,902 [Worker-56: Building] INFO  o.e.m.c.i.embedder.EclipseLogger - Using 'UTF-8' encoding to copy filtered resources.
2021-07-11 20:58:15,902 [Worker-56: Building] INFO  o.e.m.c.i.embedder.EclipseLogger - skip non existing resourceDirectory D:\JANBASK\WEEKEND_WORKSPACE_BATCH1\Sample_Test\src\main\resources
2021-07-11 20:58:15,905 [Worker-56: Building] INFO  o.e.m.c.i.embedder.EclipseLogger - Using 'UTF-8' encoding to copy filtered resources.
2021-07-11 20:58:15,906 [Worker-56: Building] INFO  o.e.m.c.i.embedder.EclipseLogger - skip non existing resourceDirectory D:\JANBASK\WEEKEND_WORKSPACE_BATCH1\Sample_Test\src\test\resources
2021-07-11 21:00:21,209 [Worker-46: Building] INFO  o.e.m.c.i.l.LifecycleMappingFactory - Using org.eclipse.m2e.jdt.JarLifecycleMapping lifecycle mapping for MavenProject: com.janbask.sample:Sample_Test:0.0.1-SNAPSHOT @ D:\JANBASK\WEEKEND_WORKSPACE_BATCH1\Sample_Test\pom.xml.
2021-07-11 21:00:21,586 [Worker-46: Building] INFO  o.e.m.c.i.embedder.EclipseLogger - Using 'UTF-8' encoding to copy filtered resources.
2021-07-11 21:00:21,587 [Worker-46: Building] INFO  o.e.m.c.i.embedder.EclipseLogger - skip non existing resourceDirectory D:\JANBASK\WEEKEND_WORKSPACE_BATCH1\Sample_Test\src\main\resources
2021-07-11 21:00:21,589 [Worker-46: Building] INFO  o.e.m.c.i.embedder.EclipseLogger - Using 'UTF-8' encoding to copy filtered resources.
2021-07-11 21:00:21,589 [Worker-46: Building] INFO  o.e.m.c.i.embedder.EclipseLogger - skip non existing resourceDirectory D:\JANBASK\WEEKEND_WORKSPACE_BATCH1\Sample_Test\src\test\resources
2021-07-11 21:00:22,795 [Worker-56: Building] INFO  o.e.m.c.i.embedder.EclipseLogger - Using 'UTF-8' encoding to copy filtered resources.
2021-07-11 21:00:22,796 [Worker-56: Building] INFO  o.e.m.c.i.embedder.EclipseLogger - skip non existing resourceDirectory D:\JANBASK\WEEKEND_WORKSPACE_BATCH1\Sample_Test\src\main\resources
2021-07-11 21:00:22,798 [Worker-56: Building] INFO  o.e.m.c.i.embedder.EclipseLogger - Using 'UTF-8' encoding to copy filtered resources.
2021-07-11 21:00:22,798 [Worker-56: Building] INFO  o.e.m.c.i.embedder.EclipseLogger - skip non existing resourceDirectory D:\JANBASK\WEEKEND_WORKSPACE_BATCH1\Sample_Test\src\test\resources
2021-07-11 21:00:45,110 [Worker-57: Updating Maven Project] INFO  o.e.m.c.i.p.ProjectConfigurationManager - Update started
2021-07-11 21:00:45,433 [Worker-57: Updating Maven Project] INFO  o.e.m.c.i.l.LifecycleMappingFactory - Using org.eclipse.m2e.jdt.JarLifecycleMapping lifecycle mapping for MavenProject: com.janbask.sample:Sample_Test:0.0.1-SNAPSHOT @ D:\JANBASK\WEEKEND_WORKSPACE_BATCH1\Sample_Test\pom.xml.
2021-07-11 21:00:45,700 [Worker-57: Updating Maven Project] INFO  o.e.m.j.i.AbstractJavaProjectConfigurator - Adding source folder /Sample_Test/src/main/java
2021-07-11 21:00:45,701 [Worker-57: Updating Maven Project] INFO  o.e.m.j.i.AbstractJavaProjectConfigurator - Adding source folder /Sample_Test/src/test/java
2021-07-11 21:00:45,869 [Worker-57: Updating Maven Project] INFO  o.e.m.c.i.p.ProjectConfigurationManager - Update completed: 0 sec
2021-07-11 21:00:46,123 [Worker-59: Building] INFO  o.e.m.c.i.embedder.EclipseLogger - Using 'UTF-8' encoding to copy filtered resources.
2021-07-11 21:00:46,123 [Worker-59: Building] INFO  o.e.m.c.i.embedder.EclipseLogger - skip non existing resourceDirectory D:\JANBASK\WEEKEND_WORKSPACE_BATCH1\Sample_Test\src\main\resources
2021-07-11 21:00:46,126 [Worker-59: Building] INFO  o.e.m.c.i.embedder.EclipseLogger - Using 'UTF-8' encoding to copy filtered resources.
2021-07-11 21:00:46,127 [Worker-59: Building] INFO  o.e.m.c.i.embedder.EclipseLogger - skip non existing resourceDirectory D:\JANBASK\WEEKEND_WORKSPACE_BATCH1\Sample_Test\src\test\resources
2021-07-11 21:01:14,481 [Worker-60: Building] INFO  o.e.m.c.i.embedder.EclipseLogger - Using 'UTF-8' encoding to copy filtered resources.
2021-07-11 21:01:14,481 [Worker-60: Building] INFO  o.e.m.c.i.embedder.EclipseLogger - skip non existing resourceDirectory D:\JANBASK\WEEKEND_WORKSPACE_BATCH1\Sample_Test\src\main\resources
2021-07-11 21:01:14,483 [Worker-60: Building] INFO  o.e.m.c.i.embedder.EclipseLogger - Using 'UTF-8' encoding to copy filtered resources.
2021-07-11 21:01:14,483 [Worker-60: Building] INFO  o.e.m.c.i.embedder.EclipseLogger - skip non existing resourceDirectory D:\JANBASK\WEEKEND_WORKSPACE_BATCH1\Sample_Test\src\test\resources
2021-07-11 21:02:10,030 [Worker-58: Launching Login_test] INFO  o.e.m.c.i.embedder.EclipseLogger - Using 'UTF-8' encoding to copy filtered resources.
2021-07-11 21:02:10,030 [Worker-58: Launching Login_test] INFO  o.e.m.c.i.embedder.EclipseLogger - skip non existing resourceDirectory D:\JANBASK\WEEKEND_WORKSPACE_BATCH1\Sample_Test\src\main\resources
2021-07-11 21:02:10,032 [Worker-58: Launching Login_test] INFO  o.e.m.c.i.embedder.EclipseLogger - Using 'UTF-8' encoding to copy filtered resources.
2021-07-11 21:02:10,032 [Worker-58: Launching Login_test] INFO  o.e.m.c.i.embedder.EclipseLogger - skip non existing resourceDirectory D:\JANBASK\WEEKEND_WORKSPACE_BATCH1\Sample_Test\src\test\resources
2021-07-11 23:34:34,475 [Worker-64: Building] INFO  o.e.m.c.i.embedder.EclipseLogger - Using 'UTF-8' encoding to copy filtered resources.
2021-07-11 23:34:34,482 [Worker-64: Building] INFO  o.e.m.c.i.embedder.EclipseLogger - skip non existing resourceDirectory D:\JANBASK\WEEKEND_WORKSPACE_BATCH1\Sample_Test\src\main\resources
2021-07-11 23:34:34,486 [Worker-64: Building] INFO  o.e.m.c.i.embedder.EclipseLogger - Using 'UTF-8' encoding to copy filtered resources.
2021-07-11 23:34:34,486 [Worker-64: Building] INFO  o.e.m.c.i.embedder.EclipseLogger - skip non existing resourceDirectory D:\JANBASK\WEEKEND_WORKSPACE_BATCH1\Sample_Test\src\test\resources
2021-07-11 23:34:34,626 [Worker-65: Building] INFO  o.e.m.c.i.embedder.EclipseLogger - Using 'UTF-8' encoding to copy filtered resources.
2021-07-11 23:34:34,626 [Worker-65: Building] INFO  o.e.m.c.i.embedder.EclipseLogger - skip non existing resourceDirectory D:\JANBASK\WEEKEND_WORKSPACE_BATCH1\Sample_Test\src\main\resources
2021-07-11 23:34:34,632 [Worker-65: Building] INFO  o.e.m.c.i.embedder.EclipseLogger - Using 'UTF-8' encoding to copy filtered resources.
2021-07-11 23:34:34,633 [Worker-65: Building] INFO  o.e.m.c.i.embedder.EclipseLogger - skip non existing resourceDirectory D:\JANBASK\WEEKEND_WORKSPACE_BATCH1\Sample_Test\src\test\resources
2021-07-17 17:16:57,511 [Worker-0: Loading available Gradle versions] INFO  o.e.b.c.i.u.g.PublishedGradleVersions - Gradle version information cache is up-to-date. Trying to read.
2021-07-17 17:23:59,194 [ModalContext] INFO  o.e.m.c.i.e.AbstractTransferListenerAdapter - Downloading https://repo1.maven.org/maven2/org/apache/axis2/archetype/quickstart/1.7.9/quickstart-1.7.9.jar
2021-07-17 17:23:59,593 [ModalContext] INFO  o.e.m.c.i.e.AbstractTransferListenerAdapter - Downloaded https://repo1.maven.org/maven2/org/apache/axis2/archetype/quickstart/1.7.9/quickstart-1.7.9.jar
2021-07-17 17:23:59,767 [ModalContext] INFO  o.e.m.c.i.e.AbstractTransferListenerAdapter - Downloading https://repo1.maven.org/maven2/org/apache/axis2/archetype/quickstart/1.7.9/quickstart-1.7.9.pom
2021-07-17 17:23:59,940 [ModalContext] INFO  o.e.m.c.i.e.AbstractTransferListenerAdapter - Downloaded https://repo1.maven.org/maven2/org/apache/axis2/archetype/quickstart/1.7.9/quickstart-1.7.9.pom
2021-07-17 17:24:23,266 [Worker-20: Creating quickstart] INFO  o.e.m.c.i.p.ProjectConfigurationManager - Collecting project info '/pom.xml' D:\JANBASK\WEEKEND_WORKSPACE_BATCH1\BDD\pom.xml
2021-07-17 17:24:25,093 [Worker-20: Creating quickstart] INFO  o.e.m.c.i.e.AbstractTransferListenerAdapter - Downloading https://repo.maven.apache.org/maven2/org/apache/axis2/axis2-aar-maven-plugin/1.7.9/axis2-aar-maven-plugin-1.7.9.jar
2021-07-17 17:24:25,477 [Worker-20: Creating quickstart] INFO  o.e.m.c.i.e.AbstractTransferListenerAdapter - Downloaded https://repo.maven.apache.org/maven2/org/apache/axis2/axis2-aar-maven-plugin/1.7.9/axis2-aar-maven-plugin-1.7.9.jar
2021-07-17 17:24:29,090 [Worker-20: Creating quickstart] INFO  o.e.m.c.i.l.LifecycleMappingFactory - Using org.eclipse.m2e.jdt.JarLifecycleMapping lifecycle mapping for MavenProject: com.janbask.sample:BDD:0.0.1-SNAPSHOT @ D:\JANBASK\WEEKEND_WORKSPACE_BATCH1\BDD\pom.xml.
2021-07-17 17:24:30,914 [Worker-20: Creating quickstart] INFO  o.e.m.j.i.AbstractJavaProjectConfigurator - Adding source folder /BDD/src/main/java
2021-07-17 17:24:30,915 [Worker-20: Creating quickstart] INFO  o.e.m.j.i.AbstractJavaProjectConfigurator - Adding resource folder /BDD/src/main/resources
2021-07-17 17:24:30,916 [Worker-20: Creating quickstart] INFO  o.e.m.j.i.AbstractJavaProjectConfigurator - Adding source folder /BDD/src/test/java
2021-07-17 17:24:35,844 [Worker-20: Creating quickstart] INFO  o.e.m.c.i.p.ProjectConfigurationManager - Imported and configured 1 project(s) in 12 sec
2021-07-17 17:24:36,837 [Worker-2: Building] WARN  o.e.m.c.i.embedder.EclipseLogger - Using platform encoding (Cp1252 actually) to copy filtered resources, i.e. build is platform dependent!
2021-07-17 17:24:36,845 [Worker-2: Building] INFO  o.e.m.c.i.embedder.EclipseLogger - Copying 1 resource
2021-07-17 17:24:36,856 [Worker-2: Building] WARN  o.e.m.c.i.embedder.EclipseLogger - Using platform encoding (Cp1252 actually) to copy filtered resources, i.e. build is platform dependent!
2021-07-17 17:24:36,857 [Worker-2: Building] INFO  o.e.m.c.i.embedder.EclipseLogger - skip non existing resourceDirectory D:\JANBASK\WEEKEND_WORKSPACE_BATCH1\BDD\src\test\resources
2021-07-17 17:27:57,384 [main] INFO  o.e.m.c.i.l.LifecycleMappingFactory - Using org.eclipse.m2e.jdt.JarLifecycleMapping lifecycle mapping for MavenProject: com.janbask.sample:Sample_Test:0.0.1-SNAPSHOT @ D:\JANBASK\WEEKEND_WORKSPACE_BATCH1\Sample_Test\pom.xml.
2021-07-17 17:30:13,276 [Worker-23: Creating maven-archetype-quickstart] INFO  o.e.m.c.i.p.ProjectConfigurationManager - Collecting project info '/pom.xml' D:\JANBASK\WEEKEND_WORKSPACE_BATCH1\BDD\pom.xml
2021-07-17 17:30:13,367 [Worker-23: Creating maven-archetype-quickstart] INFO  o.e.m.c.i.l.LifecycleMappingFactory - Using org.eclipse.m2e.jdt.JarLifecycleMapping lifecycle mapping for MavenProject: BDD:BDD:0.0.1-SNAPSHOT @ D:\JANBASK\WEEKEND_WORKSPACE_BATCH1\BDD\pom.xml.
2021-07-17 17:30:13,817 [Worker-23: Creating maven-archetype-quickstart] INFO  o.e.m.j.i.AbstractJavaProjectConfigurator - Adding source folder /BDD/src/main/java
2021-07-17 17:30:13,822 [Worker-23: Creating maven-archetype-quickstart] INFO  o.e.m.j.i.AbstractJavaProjectConfigurator - Adding source folder /BDD/src/test/java
2021-07-17 17:30:13,868 [Worker-23: Creating maven-archetype-quickstart] INFO  o.e.m.c.i.p.ProjectConfigurationManager - Imported and configured 1 project(s) in 0 sec
2021-07-17 17:30:14,344 [Worker-27: Building] INFO  o.e.m.c.i.embedder.EclipseLogger - Using 'UTF-8' encoding to copy filtered resources.
2021-07-17 17:30:14,345 [Worker-27: Building] INFO  o.e.m.c.i.embedder.EclipseLogger - skip non existing resourceDirectory D:\JANBASK\WEEKEND_WORKSPACE_BATCH1\BDD\src\main\resources
2021-07-17 17:30:14,348 [Worker-27: Building] INFO  o.e.m.c.i.embedder.EclipseLogger - Using 'UTF-8' encoding to copy filtered resources.
2021-07-17 17:30:14,348 [Worker-27: Building] INFO  o.e.m.c.i.embedder.EclipseLogger - skip non existing resourceDirectory D:\JANBASK\WEEKEND_WORKSPACE_BATCH1\BDD\src\test\resources
2021-07-17 17:30:30,944 [Worker-25: Building] INFO  o.e.m.c.i.embedder.EclipseLogger - Using 'UTF-8' encoding to copy filtered resources.
2021-07-17 17:30:30,963 [Worker-25: Building] INFO  o.e.m.c.i.embedder.EclipseLogger - skip non existing resourceDirectory D:\JANBASK\WEEKEND_WORKSPACE_BATCH1\BDD\src\main\resources
2021-07-17 17:30:30,967 [Worker-25: Building] INFO  o.e.m.c.i.embedder.EclipseLogger - Using 'UTF-8' encoding to copy filtered resources.
2021-07-17 17:30:30,968 [Worker-25: Building] INFO  o.e.m.c.i.embedder.EclipseLogger - skip non existing resourceDirectory D:\JANBASK\WEEKEND_WORKSPACE_BATCH1\BDD\src\test\resources
2021-07-17 17:30:38,961 [Worker-23: Building] INFO  o.e.m.c.i.embedder.EclipseLogger - Using 'UTF-8' encoding to copy filtered resources.
2021-07-17 17:30:38,961 [Worker-23: Building] INFO  o.e.m.c.i.embedder.EclipseLogger - skip non existing resourceDirectory D:\JANBASK\WEEKEND_WORKSPACE_BATCH1\BDD\src\main\resources
2021-07-17 17:30:38,964 [Worker-23: Building] INFO  o.e.m.c.i.embedder.EclipseLogger - Using 'UTF-8' encoding to copy filtered resources.
2021-07-17 17:30:38,964 [Worker-23: Building] INFO  o.e.m.c.i.embedder.EclipseLogger - skip non existing resourceDirectory D:\JANBASK\WEEKEND_WORKSPACE_BATCH1\BDD\src\test\resources
2021-07-17 17:31:13,683 [Worker-26: Building] INFO  o.e.m.c.i.embedder.EclipseLogger - Using 'UTF-8' encoding to copy filtered resources.
2021-07-17 17:31:13,683 [Worker-26: Building] INFO  o.e.m.c.i.embedder.EclipseLogger - skip non existing resourceDirectory D:\JANBASK\WEEKEND_WORKSPACE_BATCH1\BDD\src\main\resources
2021-07-17 17:31:13,686 [Worker-26: Building] INFO  o.e.m.c.i.embedder.EclipseLogger - Using 'UTF-8' encoding to copy filtered resources.
2021-07-17 17:31:13,687 [Worker-26: Building] INFO  o.e.m.c.i.embedder.EclipseLogger - skip non existing resourceDirectory D:\JANBASK\WEEKEND_WORKSPACE_BATCH1\BDD\src\test\resources
2021-07-17 17:32:11,555 [Worker-23: Building] INFO  o.e.m.c.i.embedder.EclipseLogger - Using 'UTF-8' encoding to copy filtered resources.
2021-07-17 17:32:11,555 [Worker-23: Building] INFO  o.e.m.c.i.embedder.EclipseLogger - skip non existing resourceDirectory D:\JANBASK\WEEKEND_WORKSPACE_BATCH1\BDD\src\main\resources
2021-07-17 17:32:11,558 [Worker-23: Building] INFO  o.e.m.c.i.embedder.EclipseLogger - Using 'UTF-8' encoding to copy filtered resources.
2021-07-17 17:32:11,558 [Worker-23: Building] INFO  o.e.m.c.i.embedder.EclipseLogger - skip non existing resourceDirectory D:\JANBASK\WEEKEND_WORKSPACE_BATCH1\BDD\src\test\resources
2021-07-17 17:32:46,883 [Worker-24: Building] ERROR o.e.m.c.i.p.r.ProjectRegistryManager - Could not read pom.xml
org.eclipse.core.runtime.CoreException: Could not read pom.xml
	at org.eclipse.m2e.core.internal.embedder.MavenImpl.readModel(MavenImpl.java:560)
	at org.eclipse.m2e.core.internal.project.registry.ProjectRegistryManager.refreshPhase2(ProjectRegistryManager.java:562)
	at org.eclipse.m2e.core.internal.project.registry.ProjectRegistryManager.refresh(ProjectRegistryManager.java:518)
	at org.eclipse.m2e.core.internal.project.registry.ProjectRegistryManager.refresh(ProjectRegistryManager.java:364)
	at org.eclipse.m2e.core.internal.project.registry.ProjectRegistryManager.refresh(ProjectRegistryManager.java:315)
	at org.eclipse.m2e.core.internal.builder.MavenBuilder$BuildMethod.getProjectFacade(MavenBuilder.java:151)
	at org.eclipse.m2e.core.internal.builder.MavenBuilder$BuildMethod.lambda$0(MavenBuilder.java:89)
	at org.eclipse.m2e.core.internal.embedder.MavenExecutionContext.executeBare(MavenExecutionContext.java:179)
	at org.eclipse.m2e.core.internal.embedder.MavenExecutionContext.execute(MavenExecutionContext.java:153)
	at org.eclipse.m2e.core.internal.embedder.MavenExecutionContext.execute(MavenExecutionContext.java:101)
	at org.eclipse.m2e.core.internal.builder.MavenBuilder$BuildMethod.execute(MavenBuilder.java:88)
	at org.eclipse.m2e.core.internal.builder.MavenBuilder.build(MavenBuilder.java:197)
	at org.eclipse.core.internal.events.BuildManager$2.run(BuildManager.java:846)
	at org.eclipse.core.runtime.SafeRunner.run(SafeRunner.java:45)
	at org.eclipse.core.internal.events.BuildManager.basicBuild(BuildManager.java:229)
	at org.eclipse.core.internal.events.BuildManager.basicBuild(BuildManager.java:277)
	at org.eclipse.core.internal.events.BuildManager$1.run(BuildManager.java:330)
	at org.eclipse.core.runtime.SafeRunner.run(SafeRunner.java:45)
	at org.eclipse.core.internal.events.BuildManager.basicBuild(BuildManager.java:333)
	at org.eclipse.core.internal.events.BuildManager.basicBuildLoop(BuildManager.java:385)
	at org.eclipse.core.internal.events.BuildManager.build(BuildManager.java:406)
	at org.eclipse.core.internal.events.AutoBuildJob.doBuild(AutoBuildJob.java:154)
	at org.eclipse.core.internal.events.AutoBuildJob.run(AutoBuildJob.java:244)
	at org.eclipse.core.internal.jobs.Worker.run(Worker.java:63)
Caused by: org.apache.maven.model.io.ModelParseException: Unrecognised tag: 'dependency' (position: START_TAG seen ...</dependencies>\r\n   <dependency>... @29:16) 
	at org.apache.maven.model.io.DefaultModelReader.read(DefaultModelReader.java:117)
	at org.apache.maven.model.io.DefaultModelReader.read(DefaultModelReader.java:85)
	at org.eclipse.m2e.core.internal.embedder.MavenImpl.readModel(MavenImpl.java:558)
	... 23 common frames omitted
Caused by: org.codehaus.plexus.util.xml.pull.XmlPullParserException: Unrecognised tag: 'dependency' (position: START_TAG seen ...</dependencies>\r\n   <dependency>... @29:16) 
	at org.apache.maven.model.io.xpp3.MavenXpp3Reader.checkUnknownElement(MavenXpp3Reader.java:178)
	at org.apache.maven.model.io.xpp3.MavenXpp3Reader.parseModel(MavenXpp3Reader.java:2309)
	at org.apache.maven.model.io.xpp3.MavenXpp3Reader.read(MavenXpp3Reader.java:3872)
	at org.apache.maven.model.io.xpp3.MavenXpp3Reader.read(MavenXpp3Reader.java:595)
	at org.apache.maven.model.io.DefaultModelReader.read(DefaultModelReader.java:112)
	... 25 common frames omitted
2021-07-17 17:32:48,069 [Worker-26: Building] ERROR o.e.m.c.i.p.r.ProjectRegistryManager - Could not read pom.xml
org.eclipse.core.runtime.CoreException: Could not read pom.xml
	at org.eclipse.m2e.core.internal.embedder.MavenImpl.readModel(MavenImpl.java:560)
	at org.eclipse.m2e.core.internal.project.registry.ProjectRegistryManager.refreshPhase2(ProjectRegistryManager.java:562)
	at org.eclipse.m2e.core.internal.project.registry.ProjectRegistryManager.refresh(ProjectRegistryManager.java:518)
	at org.eclipse.m2e.core.internal.project.registry.ProjectRegistryManager.refresh(ProjectRegistryManager.java:364)
	at org.eclipse.m2e.core.internal.project.registry.ProjectRegistryManager.refresh(ProjectRegistryManager.java:315)
	at org.eclipse.m2e.core.internal.builder.MavenBuilder$BuildMethod.getProjectFacade(MavenBuilder.java:151)
	at org.eclipse.m2e.core.internal.builder.MavenBuilder$BuildMethod.lambda$0(MavenBuilder.java:89)
	at org.eclipse.m2e.core.internal.embedder.MavenExecutionContext.executeBare(MavenExecutionContext.java:179)
	at org.eclipse.m2e.core.internal.embedder.MavenExecutionContext.execute(MavenExecutionContext.java:153)
	at org.eclipse.m2e.core.internal.embedder.MavenExecutionContext.execute(MavenExecutionContext.java:101)
	at org.eclipse.m2e.core.internal.builder.MavenBuilder$BuildMethod.execute(MavenBuilder.java:88)
	at org.eclipse.m2e.core.internal.builder.MavenBuilder.build(MavenBuilder.java:197)
	at org.eclipse.core.internal.events.BuildManager$2.run(BuildManager.java:846)
	at org.eclipse.core.runtime.SafeRunner.run(SafeRunner.java:45)
	at org.eclipse.core.internal.events.BuildManager.basicBuild(BuildManager.java:229)
	at org.eclipse.core.internal.events.BuildManager.basicBuild(BuildManager.java:277)
	at org.eclipse.core.internal.events.BuildManager$1.run(BuildManager.java:330)
	at org.eclipse.core.runtime.SafeRunner.run(SafeRunner.java:45)
	at org.eclipse.core.internal.events.BuildManager.basicBuild(BuildManager.java:333)
	at org.eclipse.core.internal.events.BuildManager.basicBuildLoop(BuildManager.java:385)
	at org.eclipse.core.internal.events.BuildManager.build(BuildManager.java:406)
	at org.eclipse.core.internal.events.AutoBuildJob.doBuild(AutoBuildJob.java:154)
	at org.eclipse.core.internal.events.AutoBuildJob.run(AutoBuildJob.java:244)
	at org.eclipse.core.internal.jobs.Worker.run(Worker.java:63)
Caused by: org.apache.maven.model.io.ModelParseException: Unrecognised tag: 'dependency' (position: START_TAG seen ...</dependencies>\r\n   <dependency>... @29:16) 
	at org.apache.maven.model.io.DefaultModelReader.read(DefaultModelReader.java:117)
	at org.apache.maven.model.io.DefaultModelReader.read(DefaultModelReader.java:85)
	at org.eclipse.m2e.core.internal.embedder.MavenImpl.readModel(MavenImpl.java:558)
	... 23 common frames omitted
Caused by: org.codehaus.plexus.util.xml.pull.XmlPullParserException: Unrecognised tag: 'dependency' (position: START_TAG seen ...</dependencies>\r\n   <dependency>... @29:16) 
	at org.apache.maven.model.io.xpp3.MavenXpp3Reader.checkUnknownElement(MavenXpp3Reader.java:178)
	at org.apache.maven.model.io.xpp3.MavenXpp3Reader.parseModel(MavenXpp3Reader.java:2309)
	at org.apache.maven.model.io.xpp3.MavenXpp3Reader.read(MavenXpp3Reader.java:3872)
	at org.apache.maven.model.io.xpp3.MavenXpp3Reader.read(MavenXpp3Reader.java:595)
	at org.apache.maven.model.io.DefaultModelReader.read(DefaultModelReader.java:112)
	... 25 common frames omitted
2021-07-17 17:33:11,797 [Worker-28: Building] INFO  o.e.m.c.i.l.LifecycleMappingFactory - Using org.eclipse.m2e.jdt.JarLifecycleMapping lifecycle mapping for MavenProject: BDD:BDD:0.0.1-SNAPSHOT @ D:\JANBASK\WEEKEND_WORKSPACE_BATCH1\BDD\pom.xml.
2021-07-17 17:33:12,133 [Worker-28: Building] INFO  o.e.m.c.i.embedder.EclipseLogger - Using 'UTF-8' encoding to copy filtered resources.
2021-07-17 17:33:12,134 [Worker-28: Building] INFO  o.e.m.c.i.embedder.EclipseLogger - skip non existing resourceDirectory D:\JANBASK\WEEKEND_WORKSPACE_BATCH1\BDD\src\main\resources
2021-07-17 17:33:12,136 [Worker-28: Building] INFO  o.e.m.c.i.embedder.EclipseLogger - Using 'UTF-8' encoding to copy filtered resources.
2021-07-17 17:33:12,136 [Worker-28: Building] INFO  o.e.m.c.i.embedder.EclipseLogger - skip non existing resourceDirectory D:\JANBASK\WEEKEND_WORKSPACE_BATCH1\BDD\src\test\resources
2021-07-17 17:33:13,237 [Worker-25: Building] INFO  o.e.m.c.i.embedder.EclipseLogger - Using 'UTF-8' encoding to copy filtered resources.
2021-07-17 17:33:13,237 [Worker-25: Building] INFO  o.e.m.c.i.embedder.EclipseLogger - skip non existing resourceDirectory D:\JANBASK\WEEKEND_WORKSPACE_BATCH1\BDD\src\main\resources
2021-07-17 17:33:13,239 [Worker-25: Building] INFO  o.e.m.c.i.embedder.EclipseLogger - Using 'UTF-8' encoding to copy filtered resources.
2021-07-17 17:33:13,239 [Worker-25: Building] INFO  o.e.m.c.i.embedder.EclipseLogger - skip non existing resourceDirectory D:\JANBASK\WEEKEND_WORKSPACE_BATCH1\BDD\src\test\resources
2021-07-17 18:54:44,046 [Worker-2: Loading available Gradle versions] INFO  o.e.b.c.i.u.g.PublishedGradleVersions - Gradle version information cache is up-to-date. Trying to read.
2021-07-17 18:55:12,948 [Worker-8: Building] INFO  o.e.m.c.i.embedder.EclipseLogger - Using 'UTF-8' encoding to copy filtered resources.
2021-07-17 18:55:12,948 [Worker-8: Building] INFO  o.e.m.c.i.embedder.EclipseLogger - skip non existing resourceDirectory D:\JANBASK\WEEKEND_WORKSPACE_BATCH1\BDD\src\main\resources
2021-07-17 18:55:12,951 [Worker-8: Building] INFO  o.e.m.c.i.embedder.EclipseLogger - Using 'UTF-8' encoding to copy filtered resources.
2021-07-17 18:55:12,951 [Worker-8: Building] INFO  o.e.m.c.i.embedder.EclipseLogger - skip non existing resourceDirectory D:\JANBASK\WEEKEND_WORKSPACE_BATCH1\BDD\src\test\resources
2021-07-17 18:56:55,348 [Worker-19: Building] INFO  o.e.m.c.i.embedder.EclipseLogger - Using 'UTF-8' encoding to copy filtered resources.
2021-07-17 18:56:55,348 [Worker-19: Building] INFO  o.e.m.c.i.embedder.EclipseLogger - skip non existing resourceDirectory D:\JANBASK\WEEKEND_WORKSPACE_BATCH1\BDD\src\main\resources
2021-07-17 18:56:55,350 [Worker-19: Building] INFO  o.e.m.c.i.embedder.EclipseLogger - Using 'UTF-8' encoding to copy filtered resources.
2021-07-17 18:56:55,351 [Worker-19: Building] INFO  o.e.m.c.i.embedder.EclipseLogger - skip non existing resourceDirectory D:\JANBASK\WEEKEND_WORKSPACE_BATCH1\BDD\src\test\resources
2021-07-17 18:57:24,558 [Worker-18: Building] INFO  o.e.m.c.i.embedder.EclipseLogger - Using 'UTF-8' encoding to copy filtered resources.
2021-07-17 18:57:24,558 [Worker-18: Building] INFO  o.e.m.c.i.embedder.EclipseLogger - skip non existing resourceDirectory D:\JANBASK\WEEKEND_WORKSPACE_BATCH1\BDD\src\main\resources
2021-07-17 18:57:24,562 [Worker-18: Building] INFO  o.e.m.c.i.embedder.EclipseLogger - Using 'UTF-8' encoding to copy filtered resources.
2021-07-17 18:57:24,562 [Worker-18: Building] INFO  o.e.m.c.i.embedder.EclipseLogger - skip non existing resourceDirectory D:\JANBASK\WEEKEND_WORKSPACE_BATCH1\BDD\src\test\resources
2021-07-17 18:57:29,761 [Worker-9: Launching Test_Runner] INFO  o.e.m.c.i.embedder.EclipseLogger - Using 'UTF-8' encoding to copy filtered resources.
2021-07-17 18:57:29,761 [Worker-9: Launching Test_Runner] INFO  o.e.m.c.i.embedder.EclipseLogger - skip non existing resourceDirectory D:\JANBASK\WEEKEND_WORKSPACE_BATCH1\BDD\src\main\resources
2021-07-17 18:57:29,763 [Worker-9: Launching Test_Runner] INFO  o.e.m.c.i.embedder.EclipseLogger - Using 'UTF-8' encoding to copy filtered resources.
2021-07-17 18:57:29,764 [Worker-9: Launching Test_Runner] INFO  o.e.m.c.i.embedder.EclipseLogger - skip non existing resourceDirectory D:\JANBASK\WEEKEND_WORKSPACE_BATCH1\BDD\src\test\resources
2021-07-17 18:58:32,265 [Worker-1: Launching Test_Runner] INFO  o.e.m.c.i.embedder.EclipseLogger - Using 'UTF-8' encoding to copy filtered resources.
2021-07-17 18:58:32,266 [Worker-1: Launching Test_Runner] INFO  o.e.m.c.i.embedder.EclipseLogger - skip non existing resourceDirectory D:\JANBASK\WEEKEND_WORKSPACE_BATCH1\BDD\src\main\resources
2021-07-17 18:58:32,269 [Worker-1: Launching Test_Runner] INFO  o.e.m.c.i.embedder.EclipseLogger - Using 'UTF-8' encoding to copy filtered resources.
2021-07-17 18:58:32,270 [Worker-1: Launching Test_Runner] INFO  o.e.m.c.i.embedder.EclipseLogger - skip non existing resourceDirectory D:\JANBASK\WEEKEND_WORKSPACE_BATCH1\BDD\src\test\resources
2021-07-17 18:58:43,713 [Worker-13: Launching Test_Runner] INFO  o.e.m.c.i.embedder.EclipseLogger - Using 'UTF-8' encoding to copy filtered resources.
2021-07-17 18:58:43,713 [Worker-13: Launching Test_Runner] INFO  o.e.m.c.i.embedder.EclipseLogger - skip non existing resourceDirectory D:\JANBASK\WEEKEND_WORKSPACE_BATCH1\BDD\src\main\resources
2021-07-17 18:58:43,715 [Worker-13: Launching Test_Runner] INFO  o.e.m.c.i.embedder.EclipseLogger - Using 'UTF-8' encoding to copy filtered resources.
2021-07-17 18:58:43,716 [Worker-13: Launching Test_Runner] INFO  o.e.m.c.i.embedder.EclipseLogger - skip non existing resourceDirectory D:\JANBASK\WEEKEND_WORKSPACE_BATCH1\BDD\src\test\resources
2021-07-17 18:59:29,977 [Worker-13: Building] INFO  o.e.m.c.i.embedder.EclipseLogger - Using 'UTF-8' encoding to copy filtered resources.
2021-07-17 18:59:29,977 [Worker-13: Building] INFO  o.e.m.c.i.embedder.EclipseLogger - skip non existing resourceDirectory D:\JANBASK\WEEKEND_WORKSPACE_BATCH1\BDD\src\main\resources
2021-07-17 18:59:29,979 [Worker-13: Building] INFO  o.e.m.c.i.embedder.EclipseLogger - Using 'UTF-8' encoding to copy filtered resources.
2021-07-17 18:59:29,980 [Worker-13: Building] INFO  o.e.m.c.i.embedder.EclipseLogger - skip non existing resourceDirectory D:\JANBASK\WEEKEND_WORKSPACE_BATCH1\BDD\src\test\resources
2021-07-17 18:59:46,517 [Worker-6: Building] INFO  o.e.m.c.i.embedder.EclipseLogger - Using 'UTF-8' encoding to copy filtered resources.
2021-07-17 18:59:46,517 [Worker-6: Building] INFO  o.e.m.c.i.embedder.EclipseLogger - skip non existing resourceDirectory D:\JANBASK\WEEKEND_WORKSPACE_BATCH1\BDD\src\main\resources
2021-07-17 18:59:46,522 [Worker-6: Building] INFO  o.e.m.c.i.embedder.EclipseLogger - Using 'UTF-8' encoding to copy filtered resources.
2021-07-17 18:59:46,523 [Worker-6: Building] INFO  o.e.m.c.i.embedder.EclipseLogger - skip non existing resourceDirectory D:\JANBASK\WEEKEND_WORKSPACE_BATCH1\BDD\src\test\resources
2021-07-17 18:59:50,861 [Worker-13: Building] INFO  o.e.m.c.i.embedder.EclipseLogger - Using 'UTF-8' encoding to copy filtered resources.
2021-07-17 18:59:50,862 [Worker-13: Building] INFO  o.e.m.c.i.embedder.EclipseLogger - skip non existing resourceDirectory D:\JANBASK\WEEKEND_WORKSPACE_BATCH1\BDD\src\main\resources
2021-07-17 18:59:50,863 [Worker-13: Building] INFO  o.e.m.c.i.embedder.EclipseLogger - Using 'UTF-8' encoding to copy filtered resources.
2021-07-17 18:59:50,863 [Worker-13: Building] INFO  o.e.m.c.i.embedder.EclipseLogger - skip non existing resourceDirectory D:\JANBASK\WEEKEND_WORKSPACE_BATCH1\BDD\src\test\resources
2021-07-17 19:00:43,321 [Worker-15: Building] INFO  o.e.m.c.i.embedder.EclipseLogger - Using 'UTF-8' encoding to copy filtered resources.
2021-07-17 19:00:43,322 [Worker-15: Building] INFO  o.e.m.c.i.embedder.EclipseLogger - skip non existing resourceDirectory D:\JANBASK\WEEKEND_WORKSPACE_BATCH1\BDD\src\main\resources
2021-07-17 19:00:43,325 [Worker-15: Building] INFO  o.e.m.c.i.embedder.EclipseLogger - Using 'UTF-8' encoding to copy filtered resources.
2021-07-17 19:00:43,326 [Worker-15: Building] INFO  o.e.m.c.i.embedder.EclipseLogger - skip non existing resourceDirectory D:\JANBASK\WEEKEND_WORKSPACE_BATCH1\BDD\src\test\resources
2021-07-17 19:01:25,028 [Worker-1: Building] INFO  o.e.m.c.i.embedder.EclipseLogger - Using 'UTF-8' encoding to copy filtered resources.
2021-07-17 19:01:25,028 [Worker-1: Building] INFO  o.e.m.c.i.embedder.EclipseLogger - skip non existing resourceDirectory D:\JANBASK\WEEKEND_WORKSPACE_BATCH1\BDD\src\main\resources
2021-07-17 19:01:25,030 [Worker-1: Building] INFO  o.e.m.c.i.embedder.EclipseLogger - Using 'UTF-8' encoding to copy filtered resources.
2021-07-17 19:01:25,031 [Worker-1: Building] INFO  o.e.m.c.i.embedder.EclipseLogger - skip non existing resourceDirectory D:\JANBASK\WEEKEND_WORKSPACE_BATCH1\BDD\src\test\resources
2021-07-17 19:03:13,400 [Worker-12: Building] INFO  o.e.m.c.i.embedder.EclipseLogger - Using 'UTF-8' encoding to copy filtered resources.
2021-07-17 19:03:13,401 [Worker-12: Building] INFO  o.e.m.c.i.embedder.EclipseLogger - skip non existing resourceDirectory D:\JANBASK\WEEKEND_WORKSPACE_BATCH1\BDD\src\main\resources
2021-07-17 19:03:13,403 [Worker-12: Building] INFO  o.e.m.c.i.embedder.EclipseLogger - Using 'UTF-8' encoding to copy filtered resources.
2021-07-17 19:03:13,403 [Worker-12: Building] INFO  o.e.m.c.i.embedder.EclipseLogger - skip non existing resourceDirectory D:\JANBASK\WEEKEND_WORKSPACE_BATCH1\BDD\src\test\resources
2021-07-17 19:03:17,873 [Worker-22: Building] INFO  o.e.m.c.i.embedder.EclipseLogger - Using 'UTF-8' encoding to copy filtered resources.
2021-07-17 19:03:17,873 [Worker-22: Building] INFO  o.e.m.c.i.embedder.EclipseLogger - skip non existing resourceDirectory D:\JANBASK\WEEKEND_WORKSPACE_BATCH1\BDD\src\main\resources
2021-07-17 19:03:17,876 [Worker-22: Building] INFO  o.e.m.c.i.embedder.EclipseLogger - Using 'UTF-8' encoding to copy filtered resources.
2021-07-17 19:03:17,876 [Worker-22: Building] INFO  o.e.m.c.i.embedder.EclipseLogger - skip non existing resourceDirectory D:\JANBASK\WEEKEND_WORKSPACE_BATCH1\BDD\src\test\resources
2021-07-17 19:03:50,356 [Worker-21: Building] INFO  o.e.m.c.i.embedder.EclipseLogger - Using 'UTF-8' encoding to copy filtered resources.
2021-07-17 19:03:50,356 [Worker-21: Building] INFO  o.e.m.c.i.embedder.EclipseLogger - skip non existing resourceDirectory D:\JANBASK\WEEKEND_WORKSPACE_BATCH1\BDD\src\main\resources
2021-07-17 19:03:50,358 [Worker-21: Building] INFO  o.e.m.c.i.embedder.EclipseLogger - Using 'UTF-8' encoding to copy filtered resources.
2021-07-17 19:03:50,358 [Worker-21: Building] INFO  o.e.m.c.i.embedder.EclipseLogger - skip non existing resourceDirectory D:\JANBASK\WEEKEND_WORKSPACE_BATCH1\BDD\src\test\resources
2021-07-17 19:04:00,355 [Worker-20: Building] INFO  o.e.m.c.i.embedder.EclipseLogger - Using 'UTF-8' encoding to copy filtered resources.
2021-07-17 19:04:00,355 [Worker-20: Building] INFO  o.e.m.c.i.embedder.EclipseLogger - skip non existing resourceDirectory D:\JANBASK\WEEKEND_WORKSPACE_BATCH1\BDD\src\main\resources
2021-07-17 19:04:00,356 [Worker-20: Building] INFO  o.e.m.c.i.embedder.EclipseLogger - Using 'UTF-8' encoding to copy filtered resources.
2021-07-17 19:04:00,357 [Worker-20: Building] INFO  o.e.m.c.i.embedder.EclipseLogger - skip non existing resourceDirectory D:\JANBASK\WEEKEND_WORKSPACE_BATCH1\BDD\src\test\resources
2021-07-17 19:34:12,722 [Worker-27: Creating maven-archetype-quickstart] INFO  o.e.m.c.i.p.ProjectConfigurationManager - Collecting project info '/pom.xml' D:\JANBASK\WEEKEND_WORKSPACE_BATCH1\Sample_Project\pom.xml
2021-07-17 19:34:13,760 [Worker-27: Creating maven-archetype-quickstart] INFO  o.e.m.c.i.l.LifecycleMappingFactory - Using org.eclipse.m2e.jdt.JarLifecycleMapping lifecycle mapping for MavenProject: janbask:Sample_Project:0.0.1-SNAPSHOT @ D:\JANBASK\WEEKEND_WORKSPACE_BATCH1\Sample_Project\pom.xml.
2021-07-17 19:34:13,958 [Worker-27: Creating maven-archetype-quickstart] INFO  o.e.m.j.i.AbstractJavaProjectConfigurator - Adding source folder /Sample_Project/src/main/java
2021-07-17 19:34:13,965 [Worker-27: Creating maven-archetype-quickstart] INFO  o.e.m.j.i.AbstractJavaProjectConfigurator - Adding source folder /Sample_Project/src/test/java
2021-07-17 19:34:14,025 [Worker-27: Creating maven-archetype-quickstart] INFO  o.e.m.c.i.p.ProjectConfigurationManager - Imported and configured 1 project(s) in 1 sec
2021-07-17 19:34:14,357 [Worker-29: Building] INFO  o.e.m.c.i.embedder.EclipseLogger - Using 'UTF-8' encoding to copy filtered resources.
2021-07-17 19:34:14,357 [Worker-29: Building] INFO  o.e.m.c.i.embedder.EclipseLogger - skip non existing resourceDirectory D:\JANBASK\WEEKEND_WORKSPACE_BATCH1\Sample_Project\src\main\resources
2021-07-17 19:34:14,362 [Worker-29: Building] INFO  o.e.m.c.i.embedder.EclipseLogger - Using 'UTF-8' encoding to copy filtered resources.
2021-07-17 19:34:14,362 [Worker-29: Building] INFO  o.e.m.c.i.embedder.EclipseLogger - skip non existing resourceDirectory D:\JANBASK\WEEKEND_WORKSPACE_BATCH1\Sample_Project\src\test\resources
2021-07-17 19:37:07,323 [Worker-24: Building] INFO  o.e.m.c.i.l.LifecycleMappingFactory - Using org.eclipse.m2e.jdt.JarLifecycleMapping lifecycle mapping for MavenProject: janbask:Sample_Project:0.0.1-SNAPSHOT @ D:\JANBASK\WEEKEND_WORKSPACE_BATCH1\Sample_Project\pom.xml.
2021-07-17 19:37:08,321 [Worker-24: Building] INFO  o.e.m.c.i.embedder.EclipseLogger - Using 'UTF-8' encoding to copy filtered resources.
2021-07-17 19:37:08,321 [Worker-24: Building] INFO  o.e.m.c.i.embedder.EclipseLogger - skip non existing resourceDirectory D:\JANBASK\WEEKEND_WORKSPACE_BATCH1\Sample_Project\src\main\resources
2021-07-17 19:37:08,323 [Worker-24: Building] INFO  o.e.m.c.i.embedder.EclipseLogger - Using 'UTF-8' encoding to copy filtered resources.
2021-07-17 19:37:08,323 [Worker-24: Building] INFO  o.e.m.c.i.embedder.EclipseLogger - skip non existing resourceDirectory D:\JANBASK\WEEKEND_WORKSPACE_BATCH1\Sample_Project\src\test\resources
2021-07-17 19:37:09,613 [Worker-24: Building] INFO  o.e.m.c.i.embedder.EclipseLogger - Using 'UTF-8' encoding to copy filtered resources.
2021-07-17 19:37:09,613 [Worker-24: Building] INFO  o.e.m.c.i.embedder.EclipseLogger - skip non existing resourceDirectory D:\JANBASK\WEEKEND_WORKSPACE_BATCH1\Sample_Project\src\main\resources
2021-07-17 19:37:09,615 [Worker-24: Building] INFO  o.e.m.c.i.embedder.EclipseLogger - Using 'UTF-8' encoding to copy filtered resources.
2021-07-17 19:37:09,615 [Worker-24: Building] INFO  o.e.m.c.i.embedder.EclipseLogger - skip non existing resourceDirectory D:\JANBASK\WEEKEND_WORKSPACE_BATCH1\Sample_Project\src\test\resources
2021-07-17 19:37:26,944 [Worker-31: Updating Maven Project] INFO  o.e.m.c.i.p.ProjectConfigurationManager - Update started
2021-07-17 19:37:27,324 [Worker-31: Updating Maven Project] INFO  o.e.m.c.i.l.LifecycleMappingFactory - Using org.eclipse.m2e.jdt.JarLifecycleMapping lifecycle mapping for MavenProject: janbask:Sample_Project:0.0.1-SNAPSHOT @ D:\JANBASK\WEEKEND_WORKSPACE_BATCH1\Sample_Project\pom.xml.
2021-07-17 19:37:27,422 [Worker-31: Updating Maven Project] INFO  o.e.m.c.i.l.LifecycleMappingFactory - Using org.eclipse.m2e.jdt.JarLifecycleMapping lifecycle mapping for MavenProject: BDD:BDD:0.0.1-SNAPSHOT @ D:\JANBASK\WEEKEND_WORKSPACE_BATCH1\BDD\pom.xml.
2021-07-17 19:37:28,168 [Worker-31: Updating Maven Project] INFO  o.e.m.j.i.AbstractJavaProjectConfigurator - Adding source folder /Sample_Project/src/main/java
2021-07-17 19:37:28,170 [Worker-31: Updating Maven Project] INFO  o.e.m.j.i.AbstractJavaProjectConfigurator - Adding source folder /Sample_Project/src/test/java
2021-07-17 19:37:28,388 [Worker-31: Updating Maven Project] INFO  o.e.m.c.i.p.ProjectConfigurationManager - Update completed: 1 sec
2021-07-17 19:37:28,557 [Worker-28: Building] INFO  o.e.m.c.i.embedder.EclipseLogger - Using 'UTF-8' encoding to copy filtered resources.
2021-07-17 19:37:28,557 [Worker-28: Building] INFO  o.e.m.c.i.embedder.EclipseLogger - skip non existing resourceDirectory D:\JANBASK\WEEKEND_WORKSPACE_BATCH1\BDD\src\main\resources
2021-07-17 19:37:28,560 [Worker-28: Building] INFO  o.e.m.c.i.embedder.EclipseLogger - Using 'UTF-8' encoding to copy filtered resources.
2021-07-17 19:37:28,561 [Worker-28: Building] INFO  o.e.m.c.i.embedder.EclipseLogger - skip non existing resourceDirectory D:\JANBASK\WEEKEND_WORKSPACE_BATCH1\BDD\src\test\resources
2021-07-17 19:37:28,697 [Worker-28: Building] INFO  o.e.m.c.i.embedder.EclipseLogger - Using 'UTF-8' encoding to copy filtered resources.
2021-07-17 19:37:28,697 [Worker-28: Building] INFO  o.e.m.c.i.embedder.EclipseLogger - skip non existing resourceDirectory D:\JANBASK\WEEKEND_WORKSPACE_BATCH1\Sample_Project\src\main\resources
2021-07-17 19:37:28,700 [Worker-28: Building] INFO  o.e.m.c.i.embedder.EclipseLogger - Using 'UTF-8' encoding to copy filtered resources.
2021-07-17 19:37:28,700 [Worker-28: Building] INFO  o.e.m.c.i.embedder.EclipseLogger - skip non existing resourceDirectory D:\JANBASK\WEEKEND_WORKSPACE_BATCH1\Sample_Project\src\test\resources
2021-07-17 19:39:38,809 [Worker-32: Updating Maven Project] INFO  o.e.m.c.i.p.ProjectConfigurationManager - Update started
2021-07-17 19:39:39,119 [Worker-32: Updating Maven Project] INFO  o.e.m.c.i.l.LifecycleMappingFactory - Using org.eclipse.m2e.jdt.JarLifecycleMapping lifecycle mapping for MavenProject: janbask:Sample_Project:0.0.1-SNAPSHOT @ D:\JANBASK\WEEKEND_WORKSPACE_BATCH1\Sample_Project\pom.xml.
2021-07-17 19:39:39,202 [Worker-32: Updating Maven Project] INFO  o.e.m.c.i.l.LifecycleMappingFactory - Using org.eclipse.m2e.jdt.JarLifecycleMapping lifecycle mapping for MavenProject: BDD:BDD:0.0.1-SNAPSHOT @ D:\JANBASK\WEEKEND_WORKSPACE_BATCH1\BDD\pom.xml.
2021-07-17 19:39:39,522 [Worker-32: Updating Maven Project] INFO  o.e.m.j.i.AbstractJavaProjectConfigurator - Adding source folder /Sample_Project/src/main/java
2021-07-17 19:39:39,523 [Worker-32: Updating Maven Project] INFO  o.e.m.j.i.AbstractJavaProjectConfigurator - Adding source folder /Sample_Project/src/test/java
2021-07-17 19:39:39,702 [Worker-32: Updating Maven Project] INFO  o.e.m.c.i.p.ProjectConfigurationManager - Update completed: 0 sec
2021-07-17 19:39:39,895 [Worker-33: Building] INFO  o.e.m.c.i.embedder.EclipseLogger - Using 'UTF-8' encoding to copy filtered resources.
2021-07-17 19:39:39,896 [Worker-33: Building] INFO  o.e.m.c.i.embedder.EclipseLogger - skip non existing resourceDirectory D:\JANBASK\WEEKEND_WORKSPACE_BATCH1\BDD\src\main\resources
2021-07-17 19:39:39,899 [Worker-33: Building] INFO  o.e.m.c.i.embedder.EclipseLogger - Using 'UTF-8' encoding to copy filtered resources.
2021-07-17 19:39:39,900 [Worker-33: Building] INFO  o.e.m.c.i.embedder.EclipseLogger - skip non existing resourceDirectory D:\JANBASK\WEEKEND_WORKSPACE_BATCH1\BDD\src\test\resources
2021-07-17 19:39:40,007 [Worker-33: Building] INFO  o.e.m.c.i.embedder.EclipseLogger - Using 'UTF-8' encoding to copy filtered resources.
2021-07-17 19:39:40,007 [Worker-33: Building] INFO  o.e.m.c.i.embedder.EclipseLogger - skip non existing resourceDirectory D:\JANBASK\WEEKEND_WORKSPACE_BATCH1\Sample_Project\src\main\resources
2021-07-17 19:39:40,008 [Worker-33: Building] INFO  o.e.m.c.i.embedder.EclipseLogger - Using 'UTF-8' encoding to copy filtered resources.
2021-07-17 19:39:40,009 [Worker-33: Building] INFO  o.e.m.c.i.embedder.EclipseLogger - skip non existing resourceDirectory D:\JANBASK\WEEKEND_WORKSPACE_BATCH1\Sample_Project\src\test\resources
2021-07-17 22:22:01,111 [Worker-70: Building] INFO  o.e.m.c.i.embedder.EclipseLogger - Using 'UTF-8' encoding to copy filtered resources.
2021-07-17 22:22:01,111 [Worker-70: Building] INFO  o.e.m.c.i.embedder.EclipseLogger - skip non existing resourceDirectory D:\JANBASK\WEEKEND_WORKSPACE_BATCH1\BDD\src\main\resources
2021-07-17 22:22:01,113 [Worker-70: Building] INFO  o.e.m.c.i.embedder.EclipseLogger - Using 'UTF-8' encoding to copy filtered resources.
2021-07-17 22:22:01,113 [Worker-70: Building] INFO  o.e.m.c.i.embedder.EclipseLogger - skip non existing resourceDirectory D:\JANBASK\WEEKEND_WORKSPACE_BATCH1\BDD\src\test\resources
2021-07-17 22:22:51,335 [Worker-71: Launching Executing test in D__JANBASK_WEEKEND_WORKSPACE_BATCH1_BDD] INFO  o.e.m.i.launch.MavenLaunchDelegate - D:\JANBASK\WEEKEND_WORKSPACE_BATCH1\BDD
2021-07-17 22:22:51,342 [Worker-71: Launching Executing test in D__JANBASK_WEEKEND_WORKSPACE_BATCH1_BDD] INFO  o.e.m.i.launch.MavenLaunchDelegate -  mvn -B test
2021-07-17 22:28:41,126 [Worker-72: Building] INFO  o.e.m.c.i.embedder.EclipseLogger - Using 'UTF-8' encoding to copy filtered resources.
2021-07-17 22:28:41,127 [Worker-72: Building] INFO  o.e.m.c.i.embedder.EclipseLogger - skip non existing resourceDirectory D:\JANBASK\WEEKEND_WORKSPACE_BATCH1\BDD\src\main\resources
2021-07-17 22:28:41,129 [Worker-72: Building] INFO  o.e.m.c.i.embedder.EclipseLogger - Using 'UTF-8' encoding to copy filtered resources.
2021-07-17 22:28:41,129 [Worker-72: Building] INFO  o.e.m.c.i.embedder.EclipseLogger - skip non existing resourceDirectory D:\JANBASK\WEEKEND_WORKSPACE_BATCH1\BDD\src\test\resources
2021-07-17 22:33:54,382 [Worker-73: Building] INFO  o.e.m.c.i.embedder.EclipseLogger - Using 'UTF-8' encoding to copy filtered resources.
2021-07-17 22:33:54,383 [Worker-73: Building] INFO  o.e.m.c.i.embedder.EclipseLogger - skip non existing resourceDirectory D:\JANBASK\WEEKEND_WORKSPACE_BATCH1\BDD\src\main\resources
2021-07-17 22:33:54,387 [Worker-73: Building] INFO  o.e.m.c.i.embedder.EclipseLogger - Using 'UTF-8' encoding to copy filtered resources.
2021-07-17 22:33:54,387 [Worker-73: Building] INFO  o.e.m.c.i.embedder.EclipseLogger - skip non existing resourceDirectory D:\JANBASK\WEEKEND_WORKSPACE_BATCH1\BDD\src\test\resources
2021-07-17 22:41:52,196 [Worker-74: Launching multiple_Login.feature] INFO  o.e.m.c.i.embedder.EclipseLogger - Using 'UTF-8' encoding to copy filtered resources.
2021-07-17 22:41:52,197 [Worker-74: Launching multiple_Login.feature] INFO  o.e.m.c.i.embedder.EclipseLogger - skip non existing resourceDirectory D:\JANBASK\WEEKEND_WORKSPACE_BATCH1\BDD\src\main\resources
2021-07-17 22:41:52,199 [Worker-74: Launching multiple_Login.feature] INFO  o.e.m.c.i.embedder.EclipseLogger - Using 'UTF-8' encoding to copy filtered resources.
2021-07-17 22:41:52,200 [Worker-74: Launching multiple_Login.feature] INFO  o.e.m.c.i.embedder.EclipseLogger - skip non existing resourceDirectory D:\JANBASK\WEEKEND_WORKSPACE_BATCH1\BDD\src\test\resources
2021-07-17 22:42:47,395 [Worker-74: Launching Test_Runner] INFO  o.e.m.c.i.embedder.EclipseLogger - Using 'UTF-8' encoding to copy filtered resources.
2021-07-17 22:42:47,395 [Worker-74: Launching Test_Runner] INFO  o.e.m.c.i.embedder.EclipseLogger - skip non existing resourceDirectory D:\JANBASK\WEEKEND_WORKSPACE_BATCH1\BDD\src\main\resources
2021-07-17 22:42:47,397 [Worker-74: Launching Test_Runner] INFO  o.e.m.c.i.embedder.EclipseLogger - Using 'UTF-8' encoding to copy filtered resources.
2021-07-17 22:42:47,397 [Worker-74: Launching Test_Runner] INFO  o.e.m.c.i.embedder.EclipseLogger - skip non existing resourceDirectory D:\JANBASK\WEEKEND_WORKSPACE_BATCH1\BDD\src\test\resources
2021-07-17 22:43:12,776 [Worker-78: Launching Test_Runner] INFO  o.e.m.c.i.embedder.EclipseLogger - Using 'UTF-8' encoding to copy filtered resources.
2021-07-17 22:43:12,776 [Worker-78: Launching Test_Runner] INFO  o.e.m.c.i.embedder.EclipseLogger - skip non existing resourceDirectory D:\JANBASK\WEEKEND_WORKSPACE_BATCH1\BDD\src\main\resources
2021-07-17 22:43:12,778 [Worker-78: Launching Test_Runner] INFO  o.e.m.c.i.embedder.EclipseLogger - Using 'UTF-8' encoding to copy filtered resources.
2021-07-17 22:43:12,778 [Worker-78: Launching Test_Runner] INFO  o.e.m.c.i.embedder.EclipseLogger - skip non existing resourceDirectory D:\JANBASK\WEEKEND_WORKSPACE_BATCH1\BDD\src\test\resources
2021-07-17 22:43:57,503 [Worker-74: Building] INFO  o.e.m.c.i.embedder.EclipseLogger - Using 'UTF-8' encoding to copy filtered resources.
2021-07-17 22:43:57,503 [Worker-74: Building] INFO  o.e.m.c.i.embedder.EclipseLogger - skip non existing resourceDirectory D:\JANBASK\WEEKEND_WORKSPACE_BATCH1\BDD\src\main\resources
2021-07-17 22:43:57,505 [Worker-74: Building] INFO  o.e.m.c.i.embedder.EclipseLogger - Using 'UTF-8' encoding to copy filtered resources.
2021-07-17 22:43:57,505 [Worker-74: Building] INFO  o.e.m.c.i.embedder.EclipseLogger - skip non existing resourceDirectory D:\JANBASK\WEEKEND_WORKSPACE_BATCH1\BDD\src\test\resources
2021-07-17 22:48:53,322 [Worker-73: Building] INFO  o.e.m.c.i.embedder.EclipseLogger - Using 'UTF-8' encoding to copy filtered resources.
2021-07-17 22:48:53,323 [Worker-73: Building] INFO  o.e.m.c.i.embedder.EclipseLogger - skip non existing resourceDirectory D:\JANBASK\WEEKEND_WORKSPACE_BATCH1\BDD\src\main\resources
2021-07-17 22:48:53,329 [Worker-73: Building] INFO  o.e.m.c.i.embedder.EclipseLogger - Using 'UTF-8' encoding to copy filtered resources.
2021-07-17 22:48:53,330 [Worker-73: Building] INFO  o.e.m.c.i.embedder.EclipseLogger - skip non existing resourceDirectory D:\JANBASK\WEEKEND_WORKSPACE_BATCH1\BDD\src\test\resources
2021-07-17 22:51:00,598 [Worker-73: Launching Test_Runner] INFO  o.e.m.c.i.embedder.EclipseLogger - Using 'UTF-8' encoding to copy filtered resources.
2021-07-17 22:51:00,599 [Worker-73: Launching Test_Runner] INFO  o.e.m.c.i.embedder.EclipseLogger - skip non existing resourceDirectory D:\JANBASK\WEEKEND_WORKSPACE_BATCH1\BDD\src\main\resources
2021-07-17 22:51:00,601 [Worker-73: Launching Test_Runner] INFO  o.e.m.c.i.embedder.EclipseLogger - Using 'UTF-8' encoding to copy filtered resources.
2021-07-17 22:51:00,601 [Worker-73: Launching Test_Runner] INFO  o.e.m.c.i.embedder.EclipseLogger - skip non existing resourceDirectory D:\JANBASK\WEEKEND_WORKSPACE_BATCH1\BDD\src\test\resources
2021-07-17 22:51:56,277 [Worker-82: Building] INFO  o.e.m.c.i.embedder.EclipseLogger - Using 'UTF-8' encoding to copy filtered resources.
2021-07-17 22:51:56,277 [Worker-82: Building] INFO  o.e.m.c.i.embedder.EclipseLogger - skip non existing resourceDirectory D:\JANBASK\WEEKEND_WORKSPACE_BATCH1\BDD\src\main\resources
2021-07-17 22:51:56,280 [Worker-82: Building] INFO  o.e.m.c.i.embedder.EclipseLogger - Using 'UTF-8' encoding to copy filtered resources.
2021-07-17 22:51:56,280 [Worker-82: Building] INFO  o.e.m.c.i.embedder.EclipseLogger - skip non existing resourceDirectory D:\JANBASK\WEEKEND_WORKSPACE_BATCH1\BDD\src\test\resources
2021-07-17 22:54:43,743 [Worker-85: Building] INFO  o.e.m.c.i.embedder.EclipseLogger - Using 'UTF-8' encoding to copy filtered resources.
2021-07-17 22:54:43,744 [Worker-85: Building] INFO  o.e.m.c.i.embedder.EclipseLogger - skip non existing resourceDirectory D:\JANBASK\WEEKEND_WORKSPACE_BATCH1\BDD\src\main\resources
2021-07-17 22:54:43,745 [Worker-85: Building] INFO  o.e.m.c.i.embedder.EclipseLogger - Using 'UTF-8' encoding to copy filtered resources.
2021-07-17 22:54:43,746 [Worker-85: Building] INFO  o.e.m.c.i.embedder.EclipseLogger - skip non existing resourceDirectory D:\JANBASK\WEEKEND_WORKSPACE_BATCH1\BDD\src\test\resources
2021-07-17 23:03:20,088 [Worker-89: Building] INFO  o.e.m.c.i.embedder.EclipseLogger - Using 'UTF-8' encoding to copy filtered resources.
2021-07-17 23:03:20,088 [Worker-89: Building] INFO  o.e.m.c.i.embedder.EclipseLogger - skip non existing resourceDirectory D:\JANBASK\WEEKEND_WORKSPACE_BATCH1\BDD\src\main\resources
2021-07-17 23:03:20,090 [Worker-89: Building] INFO  o.e.m.c.i.embedder.EclipseLogger - Using 'UTF-8' encoding to copy filtered resources.
2021-07-17 23:03:20,090 [Worker-89: Building] INFO  o.e.m.c.i.embedder.EclipseLogger - skip non existing resourceDirectory D:\JANBASK\WEEKEND_WORKSPACE_BATCH1\BDD\src\test\resources
2021-07-17 23:05:04,529 [Worker-88: Building] INFO  o.e.m.c.i.embedder.EclipseLogger - Using 'UTF-8' encoding to copy filtered resources.
2021-07-17 23:05:04,529 [Worker-88: Building] INFO  o.e.m.c.i.embedder.EclipseLogger - skip non existing resourceDirectory D:\JANBASK\WEEKEND_WORKSPACE_BATCH1\BDD\src\main\resources
2021-07-17 23:05:04,531 [Worker-88: Building] INFO  o.e.m.c.i.embedder.EclipseLogger - Using 'UTF-8' encoding to copy filtered resources.
2021-07-17 23:05:04,531 [Worker-88: Building] INFO  o.e.m.c.i.embedder.EclipseLogger - skip non existing resourceDirectory D:\JANBASK\WEEKEND_WORKSPACE_BATCH1\BDD\src\test\resources
2021-07-17 23:07:45,034 [Worker-88: Building] INFO  o.e.m.c.i.embedder.EclipseLogger - Using 'UTF-8' encoding to copy filtered resources.
2021-07-17 23:07:45,035 [Worker-88: Building] INFO  o.e.m.c.i.embedder.EclipseLogger - skip non existing resourceDirectory D:\JANBASK\WEEKEND_WORKSPACE_BATCH1\BDD\src\main\resources
2021-07-17 23:07:45,038 [Worker-88: Building] INFO  o.e.m.c.i.embedder.EclipseLogger - Using 'UTF-8' encoding to copy filtered resources.
2021-07-17 23:07:45,038 [Worker-88: Building] INFO  o.e.m.c.i.embedder.EclipseLogger - skip non existing resourceDirectory D:\JANBASK\WEEKEND_WORKSPACE_BATCH1\BDD\src\test\resources
2021-07-17 23:15:15,154 [Worker-88: Building] INFO  o.e.m.c.i.embedder.EclipseLogger - Using 'UTF-8' encoding to copy filtered resources.
2021-07-17 23:15:15,154 [Worker-88: Building] INFO  o.e.m.c.i.embedder.EclipseLogger - skip non existing resourceDirectory D:\JANBASK\WEEKEND_WORKSPACE_BATCH1\BDD\src\main\resources
2021-07-17 23:15:15,156 [Worker-88: Building] INFO  o.e.m.c.i.embedder.EclipseLogger - Using 'UTF-8' encoding to copy filtered resources.
2021-07-17 23:15:15,156 [Worker-88: Building] INFO  o.e.m.c.i.embedder.EclipseLogger - skip non existing resourceDirectory D:\JANBASK\WEEKEND_WORKSPACE_BATCH1\BDD\src\test\resources
2021-07-17 23:15:29,301 [Worker-91: Building] INFO  o.e.m.c.i.embedder.EclipseLogger - Using 'UTF-8' encoding to copy filtered resources.
2021-07-17 23:15:29,301 [Worker-91: Building] INFO  o.e.m.c.i.embedder.EclipseLogger - skip non existing resourceDirectory D:\JANBASK\WEEKEND_WORKSPACE_BATCH1\BDD\src\main\resources
2021-07-17 23:15:29,307 [Worker-91: Building] INFO  o.e.m.c.i.embedder.EclipseLogger - Using 'UTF-8' encoding to copy filtered resources.
2021-07-17 23:15:29,307 [Worker-91: Building] INFO  o.e.m.c.i.embedder.EclipseLogger - skip non existing resourceDirectory D:\JANBASK\WEEKEND_WORKSPACE_BATCH1\BDD\src\test\resources
2021-07-17 23:15:51,989 [Worker-91: Building] INFO  o.e.m.c.i.embedder.EclipseLogger - Using 'UTF-8' encoding to copy filtered resources.
2021-07-17 23:15:51,989 [Worker-91: Building] INFO  o.e.m.c.i.embedder.EclipseLogger - skip non existing resourceDirectory D:\JANBASK\WEEKEND_WORKSPACE_BATCH1\BDD\src\main\resources
2021-07-17 23:15:51,992 [Worker-91: Building] INFO  o.e.m.c.i.embedder.EclipseLogger - Using 'UTF-8' encoding to copy filtered resources.
2021-07-17 23:15:51,992 [Worker-91: Building] INFO  o.e.m.c.i.embedder.EclipseLogger - skip non existing resourceDirectory D:\JANBASK\WEEKEND_WORKSPACE_BATCH1\BDD\src\test\resources
2021-07-17 23:20:03,316 [Worker-96: Building] INFO  o.e.m.c.i.embedder.EclipseLogger - Using 'UTF-8' encoding to copy filtered resources.
2021-07-17 23:20:03,317 [Worker-96: Building] INFO  o.e.m.c.i.embedder.EclipseLogger - skip non existing resourceDirectory D:\JANBASK\WEEKEND_WORKSPACE_BATCH1\BDD\src\main\resources
2021-07-17 23:20:03,319 [Worker-96: Building] INFO  o.e.m.c.i.embedder.EclipseLogger - Using 'UTF-8' encoding to copy filtered resources.
2021-07-17 23:20:03,319 [Worker-96: Building] INFO  o.e.m.c.i.embedder.EclipseLogger - skip non existing resourceDirectory D:\JANBASK\WEEKEND_WORKSPACE_BATCH1\BDD\src\test\resources
2021-07-17 23:20:12,556 [Worker-96: Building] INFO  o.e.m.c.i.embedder.EclipseLogger - Using 'UTF-8' encoding to copy filtered resources.
2021-07-17 23:20:12,556 [Worker-96: Building] INFO  o.e.m.c.i.embedder.EclipseLogger - skip non existing resourceDirectory D:\JANBASK\WEEKEND_WORKSPACE_BATCH1\BDD\src\main\resources
2021-07-17 23:20:12,559 [Worker-96: Building] INFO  o.e.m.c.i.embedder.EclipseLogger - Using 'UTF-8' encoding to copy filtered resources.
2021-07-17 23:20:12,559 [Worker-96: Building] INFO  o.e.m.c.i.embedder.EclipseLogger - skip non existing resourceDirectory D:\JANBASK\WEEKEND_WORKSPACE_BATCH1\BDD\src\test\resources
2021-07-17 23:27:12,087 [Worker-100: Launching Test_Runner] INFO  o.e.m.c.i.embedder.EclipseLogger - Using 'UTF-8' encoding to copy filtered resources.
2021-07-17 23:27:12,087 [Worker-100: Launching Test_Runner] INFO  o.e.m.c.i.embedder.EclipseLogger - skip non existing resourceDirectory D:\JANBASK\WEEKEND_WORKSPACE_BATCH1\BDD\src\main\resources
2021-07-17 23:27:12,090 [Worker-100: Launching Test_Runner] INFO  o.e.m.c.i.embedder.EclipseLogger - Using 'UTF-8' encoding to copy filtered resources.
2021-07-17 23:27:12,090 [Worker-100: Launching Test_Runner] INFO  o.e.m.c.i.embedder.EclipseLogger - skip non existing resourceDirectory D:\JANBASK\WEEKEND_WORKSPACE_BATCH1\BDD\src\test\resources
2021-07-17 23:30:16,149 [Worker-99: Building] INFO  o.e.m.c.i.embedder.EclipseLogger - Using 'UTF-8' encoding to copy filtered resources.
2021-07-17 23:30:16,149 [Worker-99: Building] INFO  o.e.m.c.i.embedder.EclipseLogger - skip non existing resourceDirectory D:\JANBASK\WEEKEND_WORKSPACE_BATCH1\BDD\src\main\resources
2021-07-17 23:30:16,152 [Worker-99: Building] INFO  o.e.m.c.i.embedder.EclipseLogger - Using 'UTF-8' encoding to copy filtered resources.
2021-07-17 23:30:16,152 [Worker-99: Building] INFO  o.e.m.c.i.embedder.EclipseLogger - skip non existing resourceDirectory D:\JANBASK\WEEKEND_WORKSPACE_BATCH1\BDD\src\test\resources
2021-07-17 23:33:01,832 [Worker-104: Building] INFO  o.e.m.c.i.embedder.EclipseLogger - Using 'UTF-8' encoding to copy filtered resources.
2021-07-17 23:33:01,833 [Worker-104: Building] INFO  o.e.m.c.i.embedder.EclipseLogger - skip non existing resourceDirectory D:\JANBASK\WEEKEND_WORKSPACE_BATCH1\BDD\src\main\resources
2021-07-17 23:33:01,834 [Worker-104: Building] INFO  o.e.m.c.i.embedder.EclipseLogger - Using 'UTF-8' encoding to copy filtered resources.
2021-07-17 23:33:01,835 [Worker-104: Building] INFO  o.e.m.c.i.embedder.EclipseLogger - skip non existing resourceDirectory D:\JANBASK\WEEKEND_WORKSPACE_BATCH1\BDD\src\test\resources
2021-07-17 23:35:37,986 [Worker-104: Launching Test_Runner] INFO  o.e.m.c.i.embedder.EclipseLogger - Using 'UTF-8' encoding to copy filtered resources.
2021-07-17 23:35:37,986 [Worker-104: Launching Test_Runner] INFO  o.e.m.c.i.embedder.EclipseLogger - skip non existing resourceDirectory D:\JANBASK\WEEKEND_WORKSPACE_BATCH1\BDD\src\main\resources
2021-07-17 23:35:37,989 [Worker-104: Launching Test_Runner] INFO  o.e.m.c.i.embedder.EclipseLogger - Using 'UTF-8' encoding to copy filtered resources.
2021-07-17 23:35:37,990 [Worker-104: Launching Test_Runner] INFO  o.e.m.c.i.embedder.EclipseLogger - skip non existing resourceDirectory D:\JANBASK\WEEKEND_WORKSPACE_BATCH1\BDD\src\test\resources
2021-07-17 23:38:00,444 [Worker-108: Building] INFO  o.e.m.c.i.embedder.EclipseLogger - Using 'UTF-8' encoding to copy filtered resources.
2021-07-17 23:38:00,445 [Worker-108: Building] INFO  o.e.m.c.i.embedder.EclipseLogger - skip non existing resourceDirectory D:\JANBASK\WEEKEND_WORKSPACE_BATCH1\BDD\src\main\resources
2021-07-17 23:38:00,448 [Worker-108: Building] INFO  o.e.m.c.i.embedder.EclipseLogger - Using 'UTF-8' encoding to copy filtered resources.
2021-07-17 23:38:00,448 [Worker-108: Building] INFO  o.e.m.c.i.embedder.EclipseLogger - skip non existing resourceDirectory D:\JANBASK\WEEKEND_WORKSPACE_BATCH1\BDD\src\test\resources
2021-07-17 23:38:45,397 [Worker-110: Building] INFO  o.e.m.c.i.embedder.EclipseLogger - Using 'UTF-8' encoding to copy filtered resources.
2021-07-17 23:38:45,398 [Worker-110: Building] INFO  o.e.m.c.i.embedder.EclipseLogger - skip non existing resourceDirectory D:\JANBASK\WEEKEND_WORKSPACE_BATCH1\BDD\src\main\resources
2021-07-17 23:38:45,399 [Worker-110: Building] INFO  o.e.m.c.i.embedder.EclipseLogger - Using 'UTF-8' encoding to copy filtered resources.
2021-07-17 23:38:45,400 [Worker-110: Building] INFO  o.e.m.c.i.embedder.EclipseLogger - skip non existing resourceDirectory D:\JANBASK\WEEKEND_WORKSPACE_BATCH1\BDD\src\test\resources
2021-07-17 23:39:37,241 [Worker-107: Building] INFO  o.e.m.c.i.embedder.EclipseLogger - Using 'UTF-8' encoding to copy filtered resources.
2021-07-17 23:39:37,241 [Worker-107: Building] INFO  o.e.m.c.i.embedder.EclipseLogger - skip non existing resourceDirectory D:\JANBASK\WEEKEND_WORKSPACE_BATCH1\BDD\src\main\resources
2021-07-17 23:39:37,243 [Worker-107: Building] INFO  o.e.m.c.i.embedder.EclipseLogger - Using 'UTF-8' encoding to copy filtered resources.
2021-07-17 23:39:37,244 [Worker-107: Building] INFO  o.e.m.c.i.embedder.EclipseLogger - skip non existing resourceDirectory D:\JANBASK\WEEKEND_WORKSPACE_BATCH1\BDD\src\test\resources
2021-07-17 23:40:21,669 [Worker-110: Building] INFO  o.e.m.c.i.embedder.EclipseLogger - Using 'UTF-8' encoding to copy filtered resources.
2021-07-17 23:40:21,670 [Worker-110: Building] INFO  o.e.m.c.i.embedder.EclipseLogger - skip non existing resourceDirectory D:\JANBASK\WEEKEND_WORKSPACE_BATCH1\BDD\src\main\resources
2021-07-17 23:40:21,671 [Worker-110: Building] INFO  o.e.m.c.i.embedder.EclipseLogger - Using 'UTF-8' encoding to copy filtered resources.
2021-07-17 23:40:21,672 [Worker-110: Building] INFO  o.e.m.c.i.embedder.EclipseLogger - skip non existing resourceDirectory D:\JANBASK\WEEKEND_WORKSPACE_BATCH1\BDD\src\test\resources
2021-07-17 23:51:21,669 [Worker-112: Launching Test_Runner] INFO  o.e.m.c.i.embedder.EclipseLogger - Using 'UTF-8' encoding to copy filtered resources.
2021-07-17 23:51:21,669 [Worker-112: Launching Test_Runner] INFO  o.e.m.c.i.embedder.EclipseLogger - skip non existing resourceDirectory D:\JANBASK\WEEKEND_WORKSPACE_BATCH1\BDD\src\main\resources
2021-07-17 23:51:21,671 [Worker-112: Launching Test_Runner] INFO  o.e.m.c.i.embedder.EclipseLogger - Using 'UTF-8' encoding to copy filtered resources.
2021-07-17 23:51:21,672 [Worker-112: Launching Test_Runner] INFO  o.e.m.c.i.embedder.EclipseLogger - skip non existing resourceDirectory D:\JANBASK\WEEKEND_WORKSPACE_BATCH1\BDD\src\test\resources
2021-07-17 23:58:36,218 [Worker-106: Launching Test_Runner] INFO  o.e.m.c.i.embedder.EclipseLogger - Using 'UTF-8' encoding to copy filtered resources.
2021-07-17 23:58:36,219 [Worker-106: Launching Test_Runner] INFO  o.e.m.c.i.embedder.EclipseLogger - skip non existing resourceDirectory D:\JANBASK\WEEKEND_WORKSPACE_BATCH1\BDD\src\main\resources
2021-07-17 23:58:36,222 [Worker-106: Launching Test_Runner] INFO  o.e.m.c.i.embedder.EclipseLogger - Using 'UTF-8' encoding to copy filtered resources.
2021-07-17 23:58:36,222 [Worker-106: Launching Test_Runner] INFO  o.e.m.c.i.embedder.EclipseLogger - skip non existing resourceDirectory D:\JANBASK\WEEKEND_WORKSPACE_BATCH1\BDD\src\test\resources
2021-07-17 23:59:01,177 [Worker-106: Launching Test_Runner] INFO  o.e.m.c.i.embedder.EclipseLogger - Using 'UTF-8' encoding to copy filtered resources.
2021-07-17 23:59:01,177 [Worker-106: Launching Test_Runner] INFO  o.e.m.c.i.embedder.EclipseLogger - skip non existing resourceDirectory D:\JANBASK\WEEKEND_WORKSPACE_BATCH1\BDD\src\main\resources
2021-07-17 23:59:01,179 [Worker-106: Launching Test_Runner] INFO  o.e.m.c.i.embedder.EclipseLogger - Using 'UTF-8' encoding to copy filtered resources.
2021-07-17 23:59:01,180 [Worker-106: Launching Test_Runner] INFO  o.e.m.c.i.embedder.EclipseLogger - skip non existing resourceDirectory D:\JANBASK\WEEKEND_WORKSPACE_BATCH1\BDD\src\test\resources
2021-07-18 00:00:14,898 [Worker-115: Building] INFO  o.e.m.c.i.embedder.EclipseLogger - Using 'UTF-8' encoding to copy filtered resources.
2021-07-18 00:00:14,899 [Worker-115: Building] INFO  o.e.m.c.i.embedder.EclipseLogger - skip non existing resourceDirectory D:\JANBASK\WEEKEND_WORKSPACE_BATCH1\BDD\src\main\resources
2021-07-18 00:00:14,900 [Worker-115: Building] INFO  o.e.m.c.i.embedder.EclipseLogger - Using 'UTF-8' encoding to copy filtered resources.
2021-07-18 00:00:14,900 [Worker-115: Building] INFO  o.e.m.c.i.embedder.EclipseLogger - skip non existing resourceDirectory D:\JANBASK\WEEKEND_WORKSPACE_BATCH1\BDD\src\test\resources
2021-07-18 00:00:51,041 [Worker-116: Building] INFO  o.e.m.c.i.embedder.EclipseLogger - Using 'UTF-8' encoding to copy filtered resources.
2021-07-18 00:00:51,041 [Worker-116: Building] INFO  o.e.m.c.i.embedder.EclipseLogger - skip non existing resourceDirectory D:\JANBASK\WEEKEND_WORKSPACE_BATCH1\BDD\src\main\resources
2021-07-18 00:00:51,043 [Worker-116: Building] INFO  o.e.m.c.i.embedder.EclipseLogger - Using 'UTF-8' encoding to copy filtered resources.
2021-07-18 00:00:51,044 [Worker-116: Building] INFO  o.e.m.c.i.embedder.EclipseLogger - skip non existing resourceDirectory D:\JANBASK\WEEKEND_WORKSPACE_BATCH1\BDD\src\test\resources
2021-07-18 00:02:55,536 [Worker-119: Building] INFO  o.e.m.c.i.embedder.EclipseLogger - Using 'UTF-8' encoding to copy filtered resources.
2021-07-18 00:02:55,536 [Worker-119: Building] INFO  o.e.m.c.i.embedder.EclipseLogger - skip non existing resourceDirectory D:\JANBASK\WEEKEND_WORKSPACE_BATCH1\BDD\src\main\resources
2021-07-18 00:02:55,539 [Worker-119: Building] INFO  o.e.m.c.i.embedder.EclipseLogger - Using 'UTF-8' encoding to copy filtered resources.
2021-07-18 00:02:55,540 [Worker-119: Building] INFO  o.e.m.c.i.embedder.EclipseLogger - skip non existing resourceDirectory D:\JANBASK\WEEKEND_WORKSPACE_BATCH1\BDD\src\test\resources
2021-07-18 00:03:55,431 [Worker-116: Building] INFO  o.e.m.c.i.embedder.EclipseLogger - Using 'UTF-8' encoding to copy filtered resources.
2021-07-18 00:03:55,431 [Worker-116: Building] INFO  o.e.m.c.i.embedder.EclipseLogger - skip non existing resourceDirectory D:\JANBASK\WEEKEND_WORKSPACE_BATCH1\BDD\src\main\resources
2021-07-18 00:03:55,433 [Worker-116: Building] INFO  o.e.m.c.i.embedder.EclipseLogger - Using 'UTF-8' encoding to copy filtered resources.
2021-07-18 00:03:55,433 [Worker-116: Building] INFO  o.e.m.c.i.embedder.EclipseLogger - skip non existing resourceDirectory D:\JANBASK\WEEKEND_WORKSPACE_BATCH1\BDD\src\test\resources
2021-07-18 00:04:57,601 [Worker-119: Building] INFO  o.e.m.c.i.embedder.EclipseLogger - Using 'UTF-8' encoding to copy filtered resources.
2021-07-18 00:04:57,601 [Worker-119: Building] INFO  o.e.m.c.i.embedder.EclipseLogger - skip non existing resourceDirectory D:\JANBASK\WEEKEND_WORKSPACE_BATCH1\BDD\src\main\resources
2021-07-18 00:04:57,605 [Worker-119: Building] INFO  o.e.m.c.i.embedder.EclipseLogger - Using 'UTF-8' encoding to copy filtered resources.
2021-07-18 00:04:57,605 [Worker-119: Building] INFO  o.e.m.c.i.embedder.EclipseLogger - skip non existing resourceDirectory D:\JANBASK\WEEKEND_WORKSPACE_BATCH1\BDD\src\test\resources
2021-07-18 00:07:03,003 [Worker-120: Building] INFO  o.e.m.c.i.embedder.EclipseLogger - Using 'UTF-8' encoding to copy filtered resources.
2021-07-18 00:07:03,004 [Worker-120: Building] INFO  o.e.m.c.i.embedder.EclipseLogger - skip non existing resourceDirectory D:\JANBASK\WEEKEND_WORKSPACE_BATCH1\BDD\src\main\resources
2021-07-18 00:07:03,007 [Worker-120: Building] INFO  o.e.m.c.i.embedder.EclipseLogger - Using 'UTF-8' encoding to copy filtered resources.
2021-07-18 00:07:03,008 [Worker-120: Building] INFO  o.e.m.c.i.embedder.EclipseLogger - skip non existing resourceDirectory D:\JANBASK\WEEKEND_WORKSPACE_BATCH1\BDD\src\test\resources
2021-07-18 00:07:16,270 [Worker-123: Building] INFO  o.e.m.c.i.embedder.EclipseLogger - Using 'UTF-8' encoding to copy filtered resources.
2021-07-18 00:07:16,271 [Worker-123: Building] INFO  o.e.m.c.i.embedder.EclipseLogger - skip non existing resourceDirectory D:\JANBASK\WEEKEND_WORKSPACE_BATCH1\BDD\src\main\resources
2021-07-18 00:07:16,274 [Worker-123: Building] INFO  o.e.m.c.i.embedder.EclipseLogger - Using 'UTF-8' encoding to copy filtered resources.
2021-07-18 00:07:16,275 [Worker-123: Building] INFO  o.e.m.c.i.embedder.EclipseLogger - skip non existing resourceDirectory D:\JANBASK\WEEKEND_WORKSPACE_BATCH1\BDD\src\test\resources
2021-07-18 00:08:14,654 [Worker-123: Launching Test_Runner] INFO  o.e.m.c.i.embedder.EclipseLogger - Using 'UTF-8' encoding to copy filtered resources.
2021-07-18 00:08:14,654 [Worker-123: Launching Test_Runner] INFO  o.e.m.c.i.embedder.EclipseLogger - skip non existing resourceDirectory D:\JANBASK\WEEKEND_WORKSPACE_BATCH1\BDD\src\main\resources
2021-07-18 00:08:14,656 [Worker-123: Launching Test_Runner] INFO  o.e.m.c.i.embedder.EclipseLogger - Using 'UTF-8' encoding to copy filtered resources.
2021-07-18 00:08:14,657 [Worker-123: Launching Test_Runner] INFO  o.e.m.c.i.embedder.EclipseLogger - skip non existing resourceDirectory D:\JANBASK\WEEKEND_WORKSPACE_BATCH1\BDD\src\test\resources
2021-07-18 00:09:34,723 [Worker-124: Building] INFO  o.e.m.c.i.embedder.EclipseLogger - Using 'UTF-8' encoding to copy filtered resources.
2021-07-18 00:09:34,724 [Worker-124: Building] INFO  o.e.m.c.i.embedder.EclipseLogger - skip non existing resourceDirectory D:\JANBASK\WEEKEND_WORKSPACE_BATCH1\BDD\src\main\resources
2021-07-18 00:09:34,725 [Worker-124: Building] INFO  o.e.m.c.i.embedder.EclipseLogger - Using 'UTF-8' encoding to copy filtered resources.
2021-07-18 00:09:34,726 [Worker-124: Building] INFO  o.e.m.c.i.embedder.EclipseLogger - skip non existing resourceDirectory D:\JANBASK\WEEKEND_WORKSPACE_BATCH1\BDD\src\test\resources
2021-07-18 00:12:08,009 [Worker-120: Launching Test_Runner] INFO  o.e.m.c.i.embedder.EclipseLogger - Using 'UTF-8' encoding to copy filtered resources.
2021-07-18 00:12:08,009 [Worker-120: Launching Test_Runner] INFO  o.e.m.c.i.embedder.EclipseLogger - skip non existing resourceDirectory D:\JANBASK\WEEKEND_WORKSPACE_BATCH1\BDD\src\main\resources
2021-07-18 00:12:08,011 [Worker-120: Launching Test_Runner] INFO  o.e.m.c.i.embedder.EclipseLogger - Using 'UTF-8' encoding to copy filtered resources.
2021-07-18 00:12:08,012 [Worker-120: Launching Test_Runner] INFO  o.e.m.c.i.embedder.EclipseLogger - skip non existing resourceDirectory D:\JANBASK\WEEKEND_WORKSPACE_BATCH1\BDD\src\test\resources
2021-07-18 00:14:36,467 [Worker-120: Building] INFO  o.e.m.c.i.embedder.EclipseLogger - Using 'UTF-8' encoding to copy filtered resources.
2021-07-18 00:14:36,467 [Worker-120: Building] INFO  o.e.m.c.i.embedder.EclipseLogger - skip non existing resourceDirectory D:\JANBASK\WEEKEND_WORKSPACE_BATCH1\BDD\src\main\resources
2021-07-18 00:14:36,469 [Worker-120: Building] INFO  o.e.m.c.i.embedder.EclipseLogger - Using 'UTF-8' encoding to copy filtered resources.
2021-07-18 00:14:36,470 [Worker-120: Building] INFO  o.e.m.c.i.embedder.EclipseLogger - skip non existing resourceDirectory D:\JANBASK\WEEKEND_WORKSPACE_BATCH1\BDD\src\test\resources
2021-07-18 00:14:55,541 [Worker-120: Building] INFO  o.e.m.c.i.embedder.EclipseLogger - Using 'UTF-8' encoding to copy filtered resources.
2021-07-18 00:14:55,541 [Worker-120: Building] INFO  o.e.m.c.i.embedder.EclipseLogger - skip non existing resourceDirectory D:\JANBASK\WEEKEND_WORKSPACE_BATCH1\BDD\src\main\resources
2021-07-18 00:14:55,544 [Worker-120: Building] INFO  o.e.m.c.i.embedder.EclipseLogger - Using 'UTF-8' encoding to copy filtered resources.
2021-07-18 00:14:55,545 [Worker-120: Building] INFO  o.e.m.c.i.embedder.EclipseLogger - skip non existing resourceDirectory D:\JANBASK\WEEKEND_WORKSPACE_BATCH1\BDD\src\test\resources
2021-07-18 00:15:27,784 [Worker-130: Building] INFO  o.e.m.c.i.embedder.EclipseLogger - Using 'UTF-8' encoding to copy filtered resources.
2021-07-18 00:15:27,785 [Worker-130: Building] INFO  o.e.m.c.i.embedder.EclipseLogger - skip non existing resourceDirectory D:\JANBASK\WEEKEND_WORKSPACE_BATCH1\BDD\src\main\resources
2021-07-18 00:15:27,786 [Worker-130: Building] INFO  o.e.m.c.i.embedder.EclipseLogger - Using 'UTF-8' encoding to copy filtered resources.
2021-07-18 00:15:27,787 [Worker-130: Building] INFO  o.e.m.c.i.embedder.EclipseLogger - skip non existing resourceDirectory D:\JANBASK\WEEKEND_WORKSPACE_BATCH1\BDD\src\test\resources
2021-07-18 00:17:17,632 [Worker-131: Launching Test_Runner] INFO  o.e.m.c.i.embedder.EclipseLogger - Using 'UTF-8' encoding to copy filtered resources.
2021-07-18 00:17:17,632 [Worker-131: Launching Test_Runner] INFO  o.e.m.c.i.embedder.EclipseLogger - skip non existing resourceDirectory D:\JANBASK\WEEKEND_WORKSPACE_BATCH1\BDD\src\main\resources
2021-07-18 00:17:17,634 [Worker-131: Launching Test_Runner] INFO  o.e.m.c.i.embedder.EclipseLogger - Using 'UTF-8' encoding to copy filtered resources.
2021-07-18 00:17:17,635 [Worker-131: Launching Test_Runner] INFO  o.e.m.c.i.embedder.EclipseLogger - skip non existing resourceDirectory D:\JANBASK\WEEKEND_WORKSPACE_BATCH1\BDD\src\test\resources
